<?xml version="1.0" encoding="UTF-8"?>
<!-- Generated by org.testng.reporters.JUnitReportReporter -->
<testsuite skipped="0" hostname="DESKTOP-7DAT6J8" name="test.NewDepositTest" tests="1" failures="0" timestamp="2020-02-07T02:57:45 CST" time="15.773" errors="0">
  <testcase name="userShouldbeAbleToaddDeposite" time="15.773" classname="test.NewDepositTest"/>
</testsuite> <!-- test.NewDepositTest -->
